Determining if the pthread_create exist failed with the following output:
Change Dir: /home/uwfsae/catkin_ws/src/linefit_ground_segmentation_ros/build/catkin_tools_prebuild/CMakeFiles/CMakeTmp

Run Build Command:"/usr/bin/make" "cmTC_2333a/fast"
/usr/bin/make -f CMakeFiles/cmTC_2333a.dir/build.make CMakeFiles/cmTC_2333a.dir/build
make[1]: Entering directory '/home/uwfsae/catkin_ws/src/linefit_ground_segmentation_ros/build/catkin_tools_prebuild/CMakeFiles/CMakeTmp'
Building C object CMakeFiles/cmTC_2333a.dir/CheckSymbolExists.c.o
/usr/bin/cc    -o CMakeFiles/cmTC_2333a.dir/CheckSymbolExists.c.o   -c /home/uwfsae/catkin_ws/src/linefit_ground_segmentation_ros/build/catkin_tools_prebuild/CMakeFiles/CMakeTmp/CheckSymbolExists.c
Linking C executable cmTC_2333a
/usr/bin/cmake -E cmake_link_script CMakeFiles/cmTC_2333a.dir/link.txt --verbose=1
/usr/bin/cc      -rdynamic CMakeFiles/cmTC_2333a.dir/CheckSymbolExists.c.o  -o cmTC_2333a 
CMakeFiles/cmTC_2333a.dir/CheckSymbolExists.c.o: In function `main':
CheckSymbolExists.c:(.text+0x1b): undefined reference to `pthread_create'
collect2: error: ld returned 1 exit status
CMakeFiles/cmTC_2333a.dir/build.make:97: recipe for target 'cmTC_2333a' failed
make[1]: *** [cmTC_2333a] Error 1
make[1]: Leaving directory '/home/uwfsae/catkin_ws/src/linefit_ground_segmentation_ros/build/catkin_tools_prebuild/CMakeFiles/CMakeTmp'
Makefile:126: recipe for target 'cmTC_2333a/fast' failed
make: *** [cmTC_2333a/fast] Error 2

File /home/uwfsae/catkin_ws/src/linefit_ground_segmentation_ros/build/catkin_tools_prebuild/CMakeFiles/CMakeTmp/CheckSymbolExists.c:
/* */
#include <pthread.h>

int main(int argc, char** argv)
{
  (void)argv;
#ifndef pthread_create
  return ((int*)(&pthread_create))[argc];
#else
  (void)argc;
  return 0;
#endif
}

Determining if the function pthread_create exists in the pthreads failed with the following output:
Change Dir: /home/uwfsae/catkin_ws/src/linefit_ground_segmentation_ros/build/catkin_tools_prebuild/CMakeFiles/CMakeTmp

Run Build Command:"/usr/bin/make" "cmTC_22f56/fast"
/usr/bin/make -f CMakeFiles/cmTC_22f56.dir/build.make CMakeFiles/cmTC_22f56.dir/build
make[1]: Entering directory '/home/uwfsae/catkin_ws/src/linefit_ground_segmentation_ros/build/catkin_tools_prebuild/CMakeFiles/CMakeTmp'
Building C object CMakeFiles/cmTC_22f56.dir/CheckFunctionExists.c.o
/usr/bin/cc   -DCHECK_FUNCTION_EXISTS=pthread_create   -o CMakeFiles/cmTC_22f56.dir/CheckFunctionExists.c.o   -c /usr/share/cmake-3.10/Modules/CheckFunctionExists.c
Linking C executable cmTC_22f56
/usr/bin/cmake -E cmake_link_script CMakeFiles/cmTC_22f56.dir/link.txt --verbose=1
/usr/bin/cc  -DCHECK_FUNCTION_EXISTS=pthread_create    -rdynamic CMakeFiles/cmTC_22f56.dir/CheckFunctionExists.c.o  -o cmTC_22f56 -lpthreads 
/usr/bin/ld: cannot find -lpthreads
collect2: error: ld returned 1 exit status
CMakeFiles/cmTC_22f56.dir/build.make:97: recipe for target 'cmTC_22f56' failed
make[1]: *** [cmTC_22f56] Error 1
make[1]: Leaving directory '/home/uwfsae/catkin_ws/src/linefit_ground_segmentation_ros/build/catkin_tools_prebuild/CMakeFiles/CMakeTmp'
Makefile:126: recipe for target 'cmTC_22f56/fast' failed
make: *** [cmTC_22f56/fast] Error 2


